  [1m[35m (7.4ms)[0m  [1m[35mCREATE TABLE "schema_migrations" ("version" character varying NOT NULL PRIMARY KEY)[0m
  [1m[35m (1.9ms)[0m  [1m[35mCREATE TABLE "ar_internal_metadata" ("key" character varying NOT NULL PRIMARY KEY, "value" character varying, "created_at" timestamp NOT NULL, "updated_at" timestamp NOT NULL)[0m
  [1m[35m (0.3ms)[0m  [1m[34mSELECT pg_try_advisory_lock(653245444115412750)[0m
  [1m[35m (0.4ms)[0m  [1m[34mSELECT "schema_migrations"."version" FROM "schema_migrations" ORDER BY "schema_migrations"."version" ASC[0m
  [1m[36mActiveRecord::InternalMetadata Load (0.2ms)[0m  [1m[34mSELECT  "ar_internal_metadata".* FROM "ar_internal_metadata" WHERE "ar_internal_metadata"."key" = $1 LIMIT $2[0m  [["key", "environment"], ["LIMIT", 1]]
  [1m[35m (0.1ms)[0m  [1m[35mBEGIN[0m
  [1m[35mSQL (0.4ms)[0m  [1m[32mINSERT INTO "ar_internal_metadata" ("key", "value", "created_at", "updated_at") VALUES ($1, $2, $3, $4) RETURNING "key"[0m  [["key", "environment"], ["value", "development"], ["created_at", "2017-10-15 14:13:31.884383"], ["updated_at", "2017-10-15 14:13:31.884383"]]
  [1m[35m (0.3ms)[0m  [1m[35mCOMMIT[0m
  [1m[35m (0.1ms)[0m  [1m[34mSELECT pg_advisory_unlock(653245444115412750)[0m
  [1m[35m (0.2ms)[0m  [1m[34mSELECT "schema_migrations"."version" FROM "schema_migrations" ORDER BY "schema_migrations"."version" ASC[0m
  [1m[35m (0.5ms)[0m  [1m[34mSELECT "schema_migrations"."version" FROM "schema_migrations" ORDER BY "schema_migrations"."version" ASC[0m
  [1m[35m (0.3ms)[0m  [1m[34mSELECT "schema_migrations"."version" FROM "schema_migrations" ORDER BY "schema_migrations"."version" ASC[0m
  [1m[35m (135.1ms)[0m  [1m[35mDROP DATABASE IF EXISTS "xml_parcer_app_development"[0m
  [1m[35m (121.3ms)[0m  [1m[35mDROP DATABASE IF EXISTS "xml_parcer_app_test"[0m
  [1m[35m (24.2ms)[0m  [1m[35mCREATE TABLE "schema_migrations" ("version" character varying NOT NULL PRIMARY KEY)[0m
  [1m[35m (2.5ms)[0m  [1m[35mCREATE TABLE "ar_internal_metadata" ("key" character varying NOT NULL PRIMARY KEY, "value" character varying, "created_at" timestamp NOT NULL, "updated_at" timestamp NOT NULL)[0m
  [1m[35m (1.7ms)[0m  [1m[34mSELECT pg_try_advisory_lock(653245444115412750)[0m
  [1m[35m (0.5ms)[0m  [1m[34mSELECT "schema_migrations"."version" FROM "schema_migrations" ORDER BY "schema_migrations"."version" ASC[0m
Migrating to CreateOffers (20171016093732)
  [1m[35m (0.2ms)[0m  [1m[34mSELECT pg_advisory_unlock(653245444115412750)[0m
  [1m[35m (0.2ms)[0m  [1m[34mSELECT pg_try_advisory_lock(653245444115412750)[0m
  [1m[35m (0.5ms)[0m  [1m[34mSELECT "schema_migrations"."version" FROM "schema_migrations" ORDER BY "schema_migrations"."version" ASC[0m
Migrating to CreateOffers (20171016093732)
  [1m[35m (0.2ms)[0m  [1m[35mBEGIN[0m
  [1m[35m (5.3ms)[0m  [1m[35mCREATE TABLE "offers" ("id" uuid DEFAULT gen_random_uuid() NOT NULL PRIMARY KEY, "operator" character varying, "spo" character varying, "date" timestamp, "tour" character varying, "adl" character varying, "chd" character varying, "inf" character varying, "currency" character varying, "country" character varying, "created_at" timestamp NOT NULL, "updated_at" timestamp NOT NULL)[0m
  [1m[35m (0.1ms)[0m  [1m[31mROLLBACK[0m
  [1m[35m (0.2ms)[0m  [1m[34mSELECT pg_advisory_unlock(653245444115412750)[0m
  [1m[35m (0.2ms)[0m  [1m[34mSELECT pg_try_advisory_lock(653245444115412750)[0m
  [1m[35m (0.5ms)[0m  [1m[34mSELECT "schema_migrations"."version" FROM "schema_migrations" ORDER BY "schema_migrations"."version" ASC[0m
Migrating to CreateOffers (20171016093732)
  [1m[35m (0.1ms)[0m  [1m[35mBEGIN[0m
  [1m[35m (2.2ms)[0m  [1m[35mCREATE TABLE "offers" ("id" uuid DEFAULT gen_random_uuid() NOT NULL PRIMARY KEY, "operator" character varying, "spo" character varying, "date" timestamp, "tour" character varying, "adl" character varying, "chd" character varying, "inf" character varying, "currency" character varying, "country" character varying, "created_at" timestamp NOT NULL, "updated_at" timestamp NOT NULL)[0m
  [1m[35m (0.1ms)[0m  [1m[31mROLLBACK[0m
  [1m[35m (0.2ms)[0m  [1m[34mSELECT pg_advisory_unlock(653245444115412750)[0m
  [1m[35m (0.2ms)[0m  [1m[34mSELECT pg_try_advisory_lock(653245444115412750)[0m
  [1m[35m (0.6ms)[0m  [1m[34mSELECT "schema_migrations"."version" FROM "schema_migrations" ORDER BY "schema_migrations"."version" ASC[0m
Migrating to CreateOffers (20171016093732)
  [1m[35m (0.2ms)[0m  [1m[35mBEGIN[0m
  [1m[35m (4.8ms)[0m  [1m[35mCREATE TABLE "offers" ("id" uuid DEFAULT gen_random_uuid() NOT NULL PRIMARY KEY, "operator" character varying, "spo" character varying, "date" timestamp, "tour" character varying, "adl" character varying, "chd" character varying, "inf" character varying, "currency" character varying, "country" character varying, "created_at" timestamp NOT NULL, "updated_at" timestamp NOT NULL)[0m
  [1m[35m (0.2ms)[0m  [1m[31mROLLBACK[0m
  [1m[35m (0.2ms)[0m  [1m[34mSELECT pg_advisory_unlock(653245444115412750)[0m
  [1m[35m (0.5ms)[0m  [1m[34mSELECT "schema_migrations"."version" FROM "schema_migrations" ORDER BY "schema_migrations"."version" ASC[0m
  [1m[35m (0.2ms)[0m  [1m[34mSELECT "schema_migrations"."version" FROM "schema_migrations" ORDER BY "schema_migrations"."version" ASC[0m
  [1m[35m (0.2ms)[0m  [1m[34mSELECT pg_try_advisory_lock(653245444115412750)[0m
  [1m[35m (0.5ms)[0m  [1m[34mSELECT "schema_migrations"."version" FROM "schema_migrations" ORDER BY "schema_migrations"."version" ASC[0m
Migrating to CreateOffers (20171016093732)
  [1m[35m (0.2ms)[0m  [1m[35mBEGIN[0m
  [1m[35m (2.8ms)[0m  [1m[35mCREATE TABLE "offers" ("id" uuid DEFAULT gen_random_uuid() NOT NULL PRIMARY KEY, "operator" character varying, "spo" character varying, "date" timestamp, "tour" character varying, "adl" character varying, "chd" character varying, "inf" character varying, "currency" character varying, "country" character varying, "created_at" timestamp NOT NULL, "updated_at" timestamp NOT NULL)[0m
  [1m[35m (0.2ms)[0m  [1m[31mROLLBACK[0m
  [1m[35m (0.3ms)[0m  [1m[34mSELECT pg_advisory_unlock(653245444115412750)[0m
  [1m[35m (0.5ms)[0m  [1m[34mSELECT "schema_migrations"."version" FROM "schema_migrations" ORDER BY "schema_migrations"."version" ASC[0m
  [1m[35m (0.2ms)[0m  [1m[34mSELECT "schema_migrations"."version" FROM "schema_migrations" ORDER BY "schema_migrations"."version" ASC[0m
  [1m[35m (0.2ms)[0m  [1m[34mSELECT pg_try_advisory_lock(653245444115412750)[0m
  [1m[35m (0.4ms)[0m  [1m[34mSELECT "schema_migrations"."version" FROM "schema_migrations" ORDER BY "schema_migrations"."version" ASC[0m
Migrating to CreateOffers (20171016093732)
  [1m[35m (0.2ms)[0m  [1m[35mBEGIN[0m
  [1m[35m (6.4ms)[0m  [1m[35mCREATE TABLE "offers" ("id" uuid DEFAULT gen_random_uuid() NOT NULL PRIMARY KEY, "operator" character varying, "spo" character varying, "date" timestamp, "tour" character varying, "adl" character varying, "chd" character varying, "inf" character varying, "currency" character varying, "country" character varying, "created_at" timestamp NOT NULL, "updated_at" timestamp NOT NULL)[0m
  [1m[35m (0.2ms)[0m  [1m[31mROLLBACK[0m
  [1m[35m (0.2ms)[0m  [1m[34mSELECT pg_advisory_unlock(653245444115412750)[0m
  [1m[35m (0.3ms)[0m  [1m[34mSELECT pg_try_advisory_lock(653245444115412750)[0m
  [1m[35m (0.5ms)[0m  [1m[34mSELECT "schema_migrations"."version" FROM "schema_migrations" ORDER BY "schema_migrations"."version" ASC[0m
Migrating to CreateOffers (20171016093732)
  [1m[35m (0.1ms)[0m  [1m[35mBEGIN[0m
  [1m[35m (7.8ms)[0m  [1m[35mCREATE TABLE "offers" ("id" uuid DEFAULT gen_random_uuid() NOT NULL PRIMARY KEY, "operator" character varying, "spo" character varying, "date" timestamp, "tour" character varying, "adl" character varying, "chd" character varying, "inf" character varying, "currency" character varying, "country" character varying, "created_at" timestamp NOT NULL, "updated_at" timestamp NOT NULL)[0m
  [1m[35m (0.1ms)[0m  [1m[31mROLLBACK[0m
  [1m[35m (0.2ms)[0m  [1m[34mSELECT pg_advisory_unlock(653245444115412750)[0m
  [1m[35m (0.5ms)[0m  [1m[34mSELECT "schema_migrations"."version" FROM "schema_migrations" ORDER BY "schema_migrations"."version" ASC[0m
  [1m[35m (0.2ms)[0m  [1m[34mSELECT "schema_migrations"."version" FROM "schema_migrations" ORDER BY "schema_migrations"."version" ASC[0m
  [1m[35m (1.2ms)[0m  [1m[34mSELECT "schema_migrations"."version" FROM "schema_migrations" ORDER BY "schema_migrations"."version" ASC[0m
  [1m[35m (0.2ms)[0m  [1m[34mSELECT "schema_migrations"."version" FROM "schema_migrations" ORDER BY "schema_migrations"."version" ASC[0m
  [1m[35m (121.6ms)[0m  [1m[35mDROP DATABASE IF EXISTS "xml_parcer_app_development"[0m
  [1m[35m (122.9ms)[0m  [1m[35mDROP DATABASE IF EXISTS "xml_parcer_app_test"[0m
  [1m[35m (3.4ms)[0m  [1m[35mCREATE TABLE "schema_migrations" ("version" character varying NOT NULL PRIMARY KEY)[0m
  [1m[35m (4.1ms)[0m  [1m[35mCREATE TABLE "ar_internal_metadata" ("key" character varying NOT NULL PRIMARY KEY, "value" character varying, "created_at" timestamp NOT NULL, "updated_at" timestamp NOT NULL)[0m
  [1m[35m (0.2ms)[0m  [1m[34mSELECT pg_try_advisory_lock(653245444115412750)[0m
  [1m[35m (1.2ms)[0m  [1m[34mSELECT "schema_migrations"."version" FROM "schema_migrations" ORDER BY "schema_migrations"."version" ASC[0m
Migrating to CreateOffers (20171016093732)
  [1m[35m (0.2ms)[0m  [1m[35mBEGIN[0m
  [1m[35m (1.7ms)[0m  [1m[35mCREATE TABLE "offers" ("id" uuid DEFAULT gen_random_uuid() NOT NULL PRIMARY KEY, "operator" character varying, "spo" character varying, "date" timestamp, "tour" character varying, "adl" character varying, "chd" character varying, "inf" character varying, "currency" character varying, "country" character varying, "created_at" timestamp NOT NULL, "updated_at" timestamp NOT NULL)[0m
  [1m[35m (0.1ms)[0m  [1m[31mROLLBACK[0m
  [1m[35m (0.2ms)[0m  [1m[34mSELECT pg_advisory_unlock(653245444115412750)[0m
  [1m[35m (0.5ms)[0m  [1m[34mSELECT "schema_migrations"."version" FROM "schema_migrations" ORDER BY "schema_migrations"."version" ASC[0m
  [1m[35m (0.2ms)[0m  [1m[34mSELECT "schema_migrations"."version" FROM "schema_migrations" ORDER BY "schema_migrations"."version" ASC[0m
  [1m[35m (0.2ms)[0m  [1m[34mSELECT pg_try_advisory_lock(653245444115412750)[0m
  [1m[35m (0.9ms)[0m  [1m[34mSELECT "schema_migrations"."version" FROM "schema_migrations" ORDER BY "schema_migrations"."version" ASC[0m
Migrating to CreateOffers (20171016093732)
  [1m[35m (0.2ms)[0m  [1m[35mBEGIN[0m
  [1m[35mSQL (29.9ms)[0m  [1m[35mCREATE EXTENSION IF NOT EXISTS "uuid-ossp"[0m
  [1m[35m (2.1ms)[0m  [1m[35mCREATE TABLE "offers" ("id" uuid DEFAULT gen_random_uuid() NOT NULL PRIMARY KEY, "operator" character varying, "spo" character varying, "date" timestamp, "tour" character varying, "adl" character varying, "chd" character varying, "inf" character varying, "currency" character varying, "country" character varying, "created_at" timestamp NOT NULL, "updated_at" timestamp NOT NULL)[0m
  [1m[35m (0.1ms)[0m  [1m[31mROLLBACK[0m
  [1m[35m (0.2ms)[0m  [1m[34mSELECT pg_advisory_unlock(653245444115412750)[0m
  [1m[35m (0.4ms)[0m  [1m[34mSELECT "schema_migrations"."version" FROM "schema_migrations" ORDER BY "schema_migrations"."version" ASC[0m
  [1m[35m (0.2ms)[0m  [1m[34mSELECT "schema_migrations"."version" FROM "schema_migrations" ORDER BY "schema_migrations"."version" ASC[0m
  [1m[35m (0.5ms)[0m  [1m[34mSELECT "schema_migrations"."version" FROM "schema_migrations" ORDER BY "schema_migrations"."version" ASC[0m
  [1m[35m (0.2ms)[0m  [1m[34mSELECT "schema_migrations"."version" FROM "schema_migrations" ORDER BY "schema_migrations"."version" ASC[0m
  [1m[35m (128.8ms)[0m  [1m[35mDROP DATABASE IF EXISTS "xml_parcer_app_development"[0m
  [1m[35m (121.0ms)[0m  [1m[35mDROP DATABASE IF EXISTS "xml_parcer_app_test"[0m
  [1m[35m (355.6ms)[0m  [1m[35mCREATE DATABASE "xml_parcer_app_development" ENCODING = 'unicode'[0m
  [1m[35m (253.0ms)[0m  [1m[35mCREATE DATABASE "xml_parcer_app_test" ENCODING = 'unicode'[0m
  [1m[35mSQL (0.5ms)[0m  [1m[35mCREATE EXTENSION IF NOT EXISTS "plpgsql"[0m
  [1m[35m (3.9ms)[0m  [1m[35mCREATE TABLE "schema_migrations" ("version" character varying NOT NULL PRIMARY KEY)[0m
  [1m[35m (0.5ms)[0m  [1m[34mSELECT "schema_migrations"."version" FROM "schema_migrations" ORDER BY "schema_migrations"."version" ASC[0m
  [1m[35m (3.7ms)[0m  [1m[32mINSERT INTO "schema_migrations" (version) VALUES (0)[0m
  [1m[35m (2.4ms)[0m  [1m[35mCREATE TABLE "ar_internal_metadata" ("key" character varying NOT NULL PRIMARY KEY, "value" character varying, "created_at" timestamp NOT NULL, "updated_at" timestamp NOT NULL)[0m
  [1m[36mActiveRecord::InternalMetadata Load (0.7ms)[0m  [1m[34mSELECT  "ar_internal_metadata".* FROM "ar_internal_metadata" WHERE "ar_internal_metadata"."key" = $1 LIMIT $2[0m  [["key", "environment"], ["LIMIT", 1]]
  [1m[35m (0.1ms)[0m  [1m[35mBEGIN[0m
  [1m[35mSQL (1.2ms)[0m  [1m[32mINSERT INTO "ar_internal_metadata" ("key", "value", "created_at", "updated_at") VALUES ($1, $2, $3, $4) RETURNING "key"[0m  [["key", "environment"], ["value", "development"], ["created_at", "2017-10-16 20:12:20.106763"], ["updated_at", "2017-10-16 20:12:20.106763"]]
  [1m[35m (0.3ms)[0m  [1m[35mCOMMIT[0m
  [1m[36mActiveRecord::InternalMetadata Load (0.5ms)[0m  [1m[34mSELECT  "ar_internal_metadata".* FROM "ar_internal_metadata" WHERE "ar_internal_metadata"."key" = $1 LIMIT $2[0m  [["key", "environment"], ["LIMIT", 1]]
  [1m[35m (0.1ms)[0m  [1m[35mBEGIN[0m
  [1m[35m (0.1ms)[0m  [1m[35mCOMMIT[0m
  [1m[35mSQL (0.2ms)[0m  [1m[35mCREATE EXTENSION IF NOT EXISTS "plpgsql"[0m
  [1m[35m (4.5ms)[0m  [1m[35mCREATE TABLE "schema_migrations" ("version" character varying NOT NULL PRIMARY KEY)[0m
  [1m[35m (0.5ms)[0m  [1m[34mSELECT "schema_migrations"."version" FROM "schema_migrations" ORDER BY "schema_migrations"."version" ASC[0m
  [1m[35m (0.6ms)[0m  [1m[32mINSERT INTO "schema_migrations" (version) VALUES (0)[0m
  [1m[35m (3.4ms)[0m  [1m[35mCREATE TABLE "ar_internal_metadata" ("key" character varying NOT NULL PRIMARY KEY, "value" character varying, "created_at" timestamp NOT NULL, "updated_at" timestamp NOT NULL)[0m
  [1m[36mActiveRecord::InternalMetadata Load (0.3ms)[0m  [1m[34mSELECT  "ar_internal_metadata".* FROM "ar_internal_metadata" WHERE "ar_internal_metadata"."key" = $1 LIMIT $2[0m  [["key", "environment"], ["LIMIT", 1]]
  [1m[35m (0.1ms)[0m  [1m[35mBEGIN[0m
  [1m[35mSQL (0.3ms)[0m  [1m[32mINSERT INTO "ar_internal_metadata" ("key", "value", "created_at", "updated_at") VALUES ($1, $2, $3, $4) RETURNING "key"[0m  [["key", "environment"], ["value", "development"], ["created_at", "2017-10-16 20:12:20.149035"], ["updated_at", "2017-10-16 20:12:20.149035"]]
  [1m[35m (0.4ms)[0m  [1m[35mCOMMIT[0m
  [1m[36mActiveRecord::InternalMetadata Load (0.3ms)[0m  [1m[34mSELECT  "ar_internal_metadata".* FROM "ar_internal_metadata" WHERE "ar_internal_metadata"."key" = $1 LIMIT $2[0m  [["key", "environment"], ["LIMIT", 1]]
  [1m[35m (0.1ms)[0m  [1m[35mBEGIN[0m
  [1m[35m (0.1ms)[0m  [1m[35mCOMMIT[0m
  [1m[35m (0.5ms)[0m  [1m[34mSELECT "schema_migrations"."version" FROM "schema_migrations" ORDER BY "schema_migrations"."version" ASC[0m
  [1m[35m (0.2ms)[0m  [1m[34mSELECT pg_try_advisory_lock(653245444115412750)[0m
  [1m[35m (0.5ms)[0m  [1m[34mSELECT "schema_migrations"."version" FROM "schema_migrations" ORDER BY "schema_migrations"."version" ASC[0m
Migrating to EnableUuidExtension (20171016200611)
  [1m[35m (0.4ms)[0m  [1m[34mSELECT pg_advisory_unlock(653245444115412750)[0m
  [1m[35m (0.2ms)[0m  [1m[34mSELECT pg_try_advisory_lock(653245444115412750)[0m
  [1m[35m (0.8ms)[0m  [1m[34mSELECT "schema_migrations"."version" FROM "schema_migrations" ORDER BY "schema_migrations"."version" ASC[0m
Migrating to EnableUuidExtension (20171016200611)
  [1m[35m (0.1ms)[0m  [1m[35mBEGIN[0m
  [1m[35mSQL (14.9ms)[0m  [1m[35mCREATE EXTENSION IF NOT EXISTS "uuid-ossp"[0m
  [1m[35mSQL (0.3ms)[0m  [1m[32mINSERT INTO "schema_migrations" ("version") VALUES ($1) RETURNING "version"[0m  [["version", "20171016200611"]]
  [1m[35m (0.4ms)[0m  [1m[35mCOMMIT[0m
Migrating to CreateOffers (20171016200950)
  [1m[35m (0.1ms)[0m  [1m[35mBEGIN[0m
  [1m[35m (2.6ms)[0m  [1m[35mCREATE TABLE "offers" ("id" uuid DEFAULT gen_random_uuid() NOT NULL PRIMARY KEY, "operator" character varying, "spo" character varying, "date" timestamp, "tour" character varying, "adl" character varying, "chd" character varying, "inf" character varying, "currency" character varying, "country" character varying, "created_at" timestamp NOT NULL, "updated_at" timestamp NOT NULL)[0m
  [1m[35m (0.1ms)[0m  [1m[31mROLLBACK[0m
  [1m[35m (0.2ms)[0m  [1m[34mSELECT pg_advisory_unlock(653245444115412750)[0m
  [1m[35m (0.9ms)[0m  [1m[34mSELECT "schema_migrations"."version" FROM "schema_migrations" ORDER BY "schema_migrations"."version" ASC[0m
  [1m[35m (0.4ms)[0m  [1m[34mSELECT "ar_internal_metadata"."value" FROM "ar_internal_metadata" WHERE "ar_internal_metadata"."key" = $1[0m  [["key", "environment"]]
  [1m[35m (0.2ms)[0m  [1m[34mSELECT "schema_migrations"."version" FROM "schema_migrations" ORDER BY "schema_migrations"."version" ASC[0m
  [1m[35m (0.2ms)[0m  [1m[34mSELECT "ar_internal_metadata"."value" FROM "ar_internal_metadata" WHERE "ar_internal_metadata"."key" = $1[0m  [["key", "environment"]]
  [1m[35m (0.2ms)[0m  [1m[34mSELECT "schema_migrations"."version" FROM "schema_migrations" ORDER BY "schema_migrations"."version" ASC[0m
  [1m[35m (0.1ms)[0m  [1m[34mSELECT "ar_internal_metadata"."value" FROM "ar_internal_metadata" WHERE "ar_internal_metadata"."key" = $1[0m  [["key", "environment"]]
  [1m[35m (121.4ms)[0m  [1m[35mDROP DATABASE IF EXISTS "xml_parcer_app_development"[0m
  [1m[35m (120.9ms)[0m  [1m[35mDROP DATABASE IF EXISTS "xml_parcer_app_test"[0m
  [1m[35m (353.5ms)[0m  [1m[35mCREATE DATABASE "xml_parcer_app_development" ENCODING = 'unicode'[0m
  [1m[35m (257.6ms)[0m  [1m[35mCREATE DATABASE "xml_parcer_app_test" ENCODING = 'unicode'[0m
  [1m[35mSQL (0.2ms)[0m  [1m[35mCREATE EXTENSION IF NOT EXISTS "plpgsql"[0m
  [1m[35m (3.7ms)[0m  [1m[35mCREATE TABLE "schema_migrations" ("version" character varying NOT NULL PRIMARY KEY)[0m
  [1m[35m (1.1ms)[0m  [1m[34mSELECT "schema_migrations"."version" FROM "schema_migrations" ORDER BY "schema_migrations"."version" ASC[0m
  [1m[35m (1.1ms)[0m  [1m[32mINSERT INTO "schema_migrations" (version) VALUES (0)[0m
  [1m[35m (2.4ms)[0m  [1m[35mCREATE TABLE "ar_internal_metadata" ("key" character varying NOT NULL PRIMARY KEY, "value" character varying, "created_at" timestamp NOT NULL, "updated_at" timestamp NOT NULL)[0m
  [1m[36mActiveRecord::InternalMetadata Load (0.3ms)[0m  [1m[34mSELECT  "ar_internal_metadata".* FROM "ar_internal_metadata" WHERE "ar_internal_metadata"."key" = $1 LIMIT $2[0m  [["key", "environment"], ["LIMIT", 1]]
  [1m[35m (0.1ms)[0m  [1m[35mBEGIN[0m
  [1m[35mSQL (0.3ms)[0m  [1m[32mINSERT INTO "ar_internal_metadata" ("key", "value", "created_at", "updated_at") VALUES ($1, $2, $3, $4) RETURNING "key"[0m  [["key", "environment"], ["value", "development"], ["created_at", "2017-10-16 20:14:53.013849"], ["updated_at", "2017-10-16 20:14:53.013849"]]
  [1m[35m (0.5ms)[0m  [1m[35mCOMMIT[0m
  [1m[36mActiveRecord::InternalMetadata Load (0.2ms)[0m  [1m[34mSELECT  "ar_internal_metadata".* FROM "ar_internal_metadata" WHERE "ar_internal_metadata"."key" = $1 LIMIT $2[0m  [["key", "environment"], ["LIMIT", 1]]
  [1m[35m (0.1ms)[0m  [1m[35mBEGIN[0m
  [1m[35m (0.1ms)[0m  [1m[35mCOMMIT[0m
  [1m[35mSQL (0.2ms)[0m  [1m[35mCREATE EXTENSION IF NOT EXISTS "plpgsql"[0m
  [1m[35m (3.2ms)[0m  [1m[35mCREATE TABLE "schema_migrations" ("version" character varying NOT NULL PRIMARY KEY)[0m
  [1m[35m (0.8ms)[0m  [1m[34mSELECT "schema_migrations"."version" FROM "schema_migrations" ORDER BY "schema_migrations"."version" ASC[0m
  [1m[35m (0.5ms)[0m  [1m[32mINSERT INTO "schema_migrations" (version) VALUES (0)[0m
  [1m[35m (2.1ms)[0m  [1m[35mCREATE TABLE "ar_internal_metadata" ("key" character varying NOT NULL PRIMARY KEY, "value" character varying, "created_at" timestamp NOT NULL, "updated_at" timestamp NOT NULL)[0m
  [1m[36mActiveRecord::InternalMetadata Load (0.4ms)[0m  [1m[34mSELECT  "ar_internal_metadata".* FROM "ar_internal_metadata" WHERE "ar_internal_metadata"."key" = $1 LIMIT $2[0m  [["key", "environment"], ["LIMIT", 1]]
  [1m[35m (0.1ms)[0m  [1m[35mBEGIN[0m
  [1m[35mSQL (0.3ms)[0m  [1m[32mINSERT INTO "ar_internal_metadata" ("key", "value", "created_at", "updated_at") VALUES ($1, $2, $3, $4) RETURNING "key"[0m  [["key", "environment"], ["value", "development"], ["created_at", "2017-10-16 20:14:53.059084"], ["updated_at", "2017-10-16 20:14:53.059084"]]
  [1m[35m (0.3ms)[0m  [1m[35mCOMMIT[0m
  [1m[36mActiveRecord::InternalMetadata Load (0.3ms)[0m  [1m[34mSELECT  "ar_internal_metadata".* FROM "ar_internal_metadata" WHERE "ar_internal_metadata"."key" = $1 LIMIT $2[0m  [["key", "environment"], ["LIMIT", 1]]
  [1m[35m (0.6ms)[0m  [1m[35mBEGIN[0m
  [1m[35m (0.4ms)[0m  [1m[35mCOMMIT[0m
  [1m[35m (0.5ms)[0m  [1m[34mSELECT "schema_migrations"."version" FROM "schema_migrations" ORDER BY "schema_migrations"."version" ASC[0m
  [1m[35m (0.2ms)[0m  [1m[34mSELECT pg_try_advisory_lock(653245444115412750)[0m
  [1m[35m (0.6ms)[0m  [1m[34mSELECT "schema_migrations"."version" FROM "schema_migrations" ORDER BY "schema_migrations"."version" ASC[0m
Migrating to EnablePgcryptoExtension (20171016200611)
  [1m[35m (0.1ms)[0m  [1m[35mBEGIN[0m
  [1m[35mSQL (4.0ms)[0m  [1m[35mCREATE EXTENSION IF NOT EXISTS "uuid-ossp"[0m
  [1m[35mSQL (9.4ms)[0m  [1m[35mCREATE EXTENSION IF NOT EXISTS "pgcrypto"[0m
  [1m[35mSQL (0.3ms)[0m  [1m[32mINSERT INTO "schema_migrations" ("version") VALUES ($1) RETURNING "version"[0m  [["version", "20171016200611"]]
  [1m[35m (0.7ms)[0m  [1m[35mCOMMIT[0m
Migrating to CreateOffers (20171016200950)
  [1m[35m (0.1ms)[0m  [1m[35mBEGIN[0m
  [1m[35m (6.3ms)[0m  [1m[35mCREATE TABLE "offers" ("id" uuid DEFAULT gen_random_uuid() NOT NULL PRIMARY KEY, "operator" character varying, "spo" character varying, "date" timestamp, "tour" character varying, "adl" character varying, "chd" character varying, "inf" character varying, "currency" character varying, "country" character varying, "created_at" timestamp NOT NULL, "updated_at" timestamp NOT NULL)[0m
  [1m[35m (0.5ms)[0m  [1m[35mCOMMENT ON TABLE "offers" IS 'Offers table'[0m
  [1m[35m (0.1ms)[0m  [1m[35mCOMMENT ON COLUMN "offers"."operator" IS 'Tour operator name'[0m
  [1m[35m (0.1ms)[0m  [1m[35mCOMMENT ON COLUMN "offers"."spo" IS 'Code of special price offer'[0m
  [1m[35m (0.1ms)[0m  [1m[35mCOMMENT ON COLUMN "offers"."date" IS 'Date of offer'[0m
  [1m[35m (0.1ms)[0m  [1m[35mCOMMENT ON COLUMN "offers"."tour" IS 'Tour description'[0m
  [1m[35m (0.1ms)[0m  [1m[35mCOMMENT ON COLUMN "offers"."currency" IS 'Currency of offer'[0m
  [1m[35m (0.1ms)[0m  [1m[35mCOMMENT ON COLUMN "offers"."country" IS 'Country of offer'[0m
  [1m[35mSQL (0.2ms)[0m  [1m[32mINSERT INTO "schema_migrations" ("version") VALUES ($1) RETURNING "version"[0m  [["version", "20171016200950"]]
  [1m[35m (1.3ms)[0m  [1m[35mCOMMIT[0m
Migrating to CreateHotels (20171016201019)
  [1m[35m (0.2ms)[0m  [1m[35mBEGIN[0m
  [1m[35m (2.6ms)[0m  [1m[35mCREATE TABLE "hotels" ("id" uuid DEFAULT gen_random_uuid() NOT NULL PRIMARY KEY, "offer_id" uuid, "beg" character varying, "end" character varying, "name" timestamp, "htc" character varying, "star" character varying, "room" character varying, "rmc" character varying, "place" character varying, "plc" character varying, "meal" character varying, "mlc" character varying, "town" character varying, "cnt" character varying, "created_at" timestamp NOT NULL, "updated_at" timestamp NOT NULL)[0m
  [1m[35m (3.6ms)[0m  [1m[35mCREATE  INDEX  "index_hotels_on_offer_id" ON "hotels"  ("offer_id")[0m
  [1m[35m (0.8ms)[0m  [1m[35mCOMMENT ON TABLE "hotels" IS 'Hotels table'[0m
  [1m[35m (0.6ms)[0m  [1m[35mCOMMENT ON COLUMN "hotels"."name" IS 'Name of hotel'[0m
  [1m[35m (0.3ms)[0m  [1m[35mCOMMENT ON COLUMN "hotels"."htc" IS 'Tour description'[0m
  [1m[35m (0.3ms)[0m  [1m[35mCOMMENT ON COLUMN "hotels"."star" IS 'Star rate of hotel'[0m
  [1m[35m (0.2ms)[0m  [1m[35mCOMMENT ON COLUMN "hotels"."room" IS 'Room of hotel'[0m
  [1m[35m (0.1ms)[0m  [1m[35mCOMMENT ON COLUMN "hotels"."town" IS 'Town of hotel'[0m
  [1m[35mSQL (0.3ms)[0m  [1m[32mINSERT INTO "schema_migrations" ("version") VALUES ($1) RETURNING "version"[0m  [["version", "20171016201019"]]
  [1m[35m (0.3ms)[0m  [1m[35mCOMMIT[0m
Migrating to CreateTransports (20171016201053)
  [1m[35m (0.2ms)[0m  [1m[35mBEGIN[0m
  [1m[35m (2.1ms)[0m  [1m[35mCREATE TABLE "transports" ("id" uuid DEFAULT gen_random_uuid() NOT NULL PRIMARY KEY, "offer_id" uuid, "beg" character varying, "end" character varying, "type" timestamp, "name" character varying, "trc" character varying, "class" character varying, "place" character varying, "townfr" character varying, "townto" character varying, "cnt" character varying, "created_at" timestamp NOT NULL, "updated_at" timestamp NOT NULL)[0m
  [1m[35m (0.7ms)[0m  [1m[35mCREATE  INDEX  "index_transports_on_offer_id" ON "transports"  ("offer_id")[0m
  [1m[35m (0.1ms)[0m  [1m[35mCOMMENT ON TABLE "transports" IS 'Transports table'[0m
  [1m[35m (0.1ms)[0m  [1m[35mCOMMENT ON COLUMN "transports"."name" IS 'Name transport company'[0m
  [1m[35m (0.1ms)[0m  [1m[35mCOMMENT ON COLUMN "transports"."class" IS 'Class of transport'[0m
  [1m[35m (0.1ms)[0m  [1m[35mCOMMENT ON COLUMN "transports"."place" IS 'Palce of transport'[0m
  [1m[35m (0.1ms)[0m  [1m[35mCOMMENT ON COLUMN "transports"."townfr" IS 'Go from town'[0m
  [1m[35m (0.1ms)[0m  [1m[35mCOMMENT ON COLUMN "transports"."townto" IS 'Go to town'[0m
  [1m[35mSQL (0.2ms)[0m  [1m[32mINSERT INTO "schema_migrations" ("version") VALUES ($1) RETURNING "version"[0m  [["version", "20171016201053"]]
  [1m[35m (0.3ms)[0m  [1m[35mCOMMIT[0m
Migrating to CreateServices (20171016201120)
  [1m[35m (0.2ms)[0m  [1m[35mBEGIN[0m
  [1m[35m (4.3ms)[0m  [1m[35mCREATE TABLE "services" ("id" uuid DEFAULT gen_random_uuid() NOT NULL PRIMARY KEY, "offer_id" uuid, "beg" character varying, "end" character varying, "type" timestamp, "name" character varying, "cnt" character varying, "created_at" timestamp NOT NULL, "updated_at" timestamp NOT NULL)[0m
  [1m[35m (0.7ms)[0m  [1m[35mCREATE  INDEX  "index_services_on_offer_id" ON "services"  ("offer_id")[0m
  [1m[35m (0.1ms)[0m  [1m[35mCOMMENT ON TABLE "services" IS 'Hotels table'[0m
  [1m[35m (0.1ms)[0m  [1m[35mCOMMENT ON COLUMN "services"."name" IS 'Name service'[0m
  [1m[35mSQL (0.2ms)[0m  [1m[32mINSERT INTO "schema_migrations" ("version") VALUES ($1) RETURNING "version"[0m  [["version", "20171016201120"]]
  [1m[35m (0.4ms)[0m  [1m[35mCOMMIT[0m
Migrating to CreatePrices (20171016201144)
  [1m[35m (0.2ms)[0m  [1m[34mSELECT pg_advisory_unlock(653245444115412750)[0m
  [1m[35m (0.2ms)[0m  [1m[34mSELECT pg_try_advisory_lock(653245444115412750)[0m
  [1m[35m (1.0ms)[0m  [1m[34mSELECT "schema_migrations"."version" FROM "schema_migrations" ORDER BY "schema_migrations"."version" ASC[0m
Migrating to CreatePrices (20171016201144)
  [1m[35m (0.2ms)[0m  [1m[35mBEGIN[0m
  [1m[35m (0.7ms)[0m  [1m[35mCREATE TABLE "services" ("id" uuid DEFAULT gen_random_uuid() NOT NULL PRIMARY KEY, "offer_id" uuid, "remote_id" integer, "date" character varying, "n" character varying, "val" timestamp, "created_at" timestamp NOT NULL, "updated_at" timestamp NOT NULL)[0m
  [1m[35m (0.1ms)[0m  [1m[31mROLLBACK[0m
  [1m[35m (0.2ms)[0m  [1m[34mSELECT pg_advisory_unlock(653245444115412750)[0m
  [1m[35m (0.5ms)[0m  [1m[34mSELECT "schema_migrations"."version" FROM "schema_migrations" ORDER BY "schema_migrations"."version" ASC[0m
  [1m[35m (0.3ms)[0m  [1m[34mSELECT "ar_internal_metadata"."value" FROM "ar_internal_metadata" WHERE "ar_internal_metadata"."key" = $1[0m  [["key", "environment"]]
  [1m[35m (0.2ms)[0m  [1m[34mSELECT "schema_migrations"."version" FROM "schema_migrations" ORDER BY "schema_migrations"."version" ASC[0m
  [1m[35m (0.1ms)[0m  [1m[34mSELECT "ar_internal_metadata"."value" FROM "ar_internal_metadata" WHERE "ar_internal_metadata"."key" = $1[0m  [["key", "environment"]]
  [1m[35m (0.2ms)[0m  [1m[34mSELECT "schema_migrations"."version" FROM "schema_migrations" ORDER BY "schema_migrations"."version" ASC[0m
  [1m[35m (0.1ms)[0m  [1m[34mSELECT "ar_internal_metadata"."value" FROM "ar_internal_metadata" WHERE "ar_internal_metadata"."key" = $1[0m  [["key", "environment"]]
  [1m[35m (118.6ms)[0m  [1m[35mDROP DATABASE IF EXISTS "xml_parcer_app_development"[0m
  [1m[35m (120.0ms)[0m  [1m[35mDROP DATABASE IF EXISTS "xml_parcer_app_test"[0m
  [1m[35m (353.4ms)[0m  [1m[35mCREATE DATABASE "xml_parcer_app_development" ENCODING = 'unicode'[0m
  [1m[35m (257.9ms)[0m  [1m[35mCREATE DATABASE "xml_parcer_app_test" ENCODING = 'unicode'[0m
  [1m[35mSQL (0.3ms)[0m  [1m[35mCREATE EXTENSION IF NOT EXISTS "plpgsql"[0m
  [1m[35m (3.8ms)[0m  [1m[35mCREATE TABLE "schema_migrations" ("version" character varying NOT NULL PRIMARY KEY)[0m
  [1m[35m (0.6ms)[0m  [1m[34mSELECT "schema_migrations"."version" FROM "schema_migrations" ORDER BY "schema_migrations"."version" ASC[0m
  [1m[35m (0.4ms)[0m  [1m[32mINSERT INTO "schema_migrations" (version) VALUES (0)[0m
  [1m[35m (2.0ms)[0m  [1m[35mCREATE TABLE "ar_internal_metadata" ("key" character varying NOT NULL PRIMARY KEY, "value" character varying, "created_at" timestamp NOT NULL, "updated_at" timestamp NOT NULL)[0m
  [1m[36mActiveRecord::InternalMetadata Load (0.2ms)[0m  [1m[34mSELECT  "ar_internal_metadata".* FROM "ar_internal_metadata" WHERE "ar_internal_metadata"."key" = $1 LIMIT $2[0m  [["key", "environment"], ["LIMIT", 1]]
  [1m[35m (0.1ms)[0m  [1m[35mBEGIN[0m
  [1m[35mSQL (0.6ms)[0m  [1m[32mINSERT INTO "ar_internal_metadata" ("key", "value", "created_at", "updated_at") VALUES ($1, $2, $3, $4) RETURNING "key"[0m  [["key", "environment"], ["value", "development"], ["created_at", "2017-10-16 20:16:30.033062"], ["updated_at", "2017-10-16 20:16:30.033062"]]
  [1m[35m (0.5ms)[0m  [1m[35mCOMMIT[0m
  [1m[36mActiveRecord::InternalMetadata Load (0.3ms)[0m  [1m[34mSELECT  "ar_internal_metadata".* FROM "ar_internal_metadata" WHERE "ar_internal_metadata"."key" = $1 LIMIT $2[0m  [["key", "environment"], ["LIMIT", 1]]
  [1m[35m (0.1ms)[0m  [1m[35mBEGIN[0m
  [1m[35m (0.1ms)[0m  [1m[35mCOMMIT[0m
  [1m[35mSQL (1.3ms)[0m  [1m[35mCREATE EXTENSION IF NOT EXISTS "plpgsql"[0m
  [1m[35m (3.2ms)[0m  [1m[35mCREATE TABLE "schema_migrations" ("version" character varying NOT NULL PRIMARY KEY)[0m
  [1m[35m (0.4ms)[0m  [1m[34mSELECT "schema_migrations"."version" FROM "schema_migrations" ORDER BY "schema_migrations"."version" ASC[0m
  [1m[35m (0.4ms)[0m  [1m[32mINSERT INTO "schema_migrations" (version) VALUES (0)[0m
  [1m[35m (4.4ms)[0m  [1m[35mCREATE TABLE "ar_internal_metadata" ("key" character varying NOT NULL PRIMARY KEY, "value" character varying, "created_at" timestamp NOT NULL, "updated_at" timestamp NOT NULL)[0m
  [1m[36mActiveRecord::InternalMetadata Load (0.4ms)[0m  [1m[34mSELECT  "ar_internal_metadata".* FROM "ar_internal_metadata" WHERE "ar_internal_metadata"."key" = $1 LIMIT $2[0m  [["key", "environment"], ["LIMIT", 1]]
  [1m[35m (0.1ms)[0m  [1m[35mBEGIN[0m
  [1m[35mSQL (0.3ms)[0m  [1m[32mINSERT INTO "ar_internal_metadata" ("key", "value", "created_at", "updated_at") VALUES ($1, $2, $3, $4) RETURNING "key"[0m  [["key", "environment"], ["value", "development"], ["created_at", "2017-10-16 20:16:30.088294"], ["updated_at", "2017-10-16 20:16:30.088294"]]
  [1m[35m (0.2ms)[0m  [1m[35mCOMMIT[0m
  [1m[36mActiveRecord::InternalMetadata Load (0.2ms)[0m  [1m[34mSELECT  "ar_internal_metadata".* FROM "ar_internal_metadata" WHERE "ar_internal_metadata"."key" = $1 LIMIT $2[0m  [["key", "environment"], ["LIMIT", 1]]
  [1m[35m (0.1ms)[0m  [1m[35mBEGIN[0m
  [1m[35m (0.1ms)[0m  [1m[35mCOMMIT[0m
  [1m[35m (0.5ms)[0m  [1m[34mSELECT "schema_migrations"."version" FROM "schema_migrations" ORDER BY "schema_migrations"."version" ASC[0m
  [1m[35m (0.9ms)[0m  [1m[34mSELECT pg_try_advisory_lock(653245444115412750)[0m
  [1m[35m (0.6ms)[0m  [1m[34mSELECT "schema_migrations"."version" FROM "schema_migrations" ORDER BY "schema_migrations"."version" ASC[0m
Migrating to EnablePgcryptoExtension (20171016200611)
  [1m[35m (0.2ms)[0m  [1m[35mBEGIN[0m
  [1m[35mSQL (13.9ms)[0m  [1m[35mCREATE EXTENSION IF NOT EXISTS "uuid-ossp"[0m
  [1m[35mSQL (7.4ms)[0m  [1m[35mCREATE EXTENSION IF NOT EXISTS "pgcrypto"[0m
  [1m[35mSQL (0.3ms)[0m  [1m[32mINSERT INTO "schema_migrations" ("version") VALUES ($1) RETURNING "version"[0m  [["version", "20171016200611"]]
  [1m[35m (0.7ms)[0m  [1m[35mCOMMIT[0m
Migrating to CreateOffers (20171016200950)
  [1m[35m (0.1ms)[0m  [1m[35mBEGIN[0m
  [1m[35m (3.8ms)[0m  [1m[35mCREATE TABLE "offers" ("id" uuid DEFAULT gen_random_uuid() NOT NULL PRIMARY KEY, "operator" character varying, "spo" character varying, "date" timestamp, "tour" character varying, "adl" character varying, "chd" character varying, "inf" character varying, "currency" character varying, "country" character varying, "created_at" timestamp NOT NULL, "updated_at" timestamp NOT NULL)[0m
  [1m[35m (0.1ms)[0m  [1m[35mCOMMENT ON TABLE "offers" IS 'Offers table'[0m
  [1m[35m (0.1ms)[0m  [1m[35mCOMMENT ON COLUMN "offers"."operator" IS 'Tour operator name'[0m
  [1m[35m (0.1ms)[0m  [1m[35mCOMMENT ON COLUMN "offers"."spo" IS 'Code of special price offer'[0m
  [1m[35m (0.1ms)[0m  [1m[35mCOMMENT ON COLUMN "offers"."date" IS 'Date of offer'[0m
  [1m[35m (0.1ms)[0m  [1m[35mCOMMENT ON COLUMN "offers"."tour" IS 'Tour description'[0m
  [1m[35m (0.1ms)[0m  [1m[35mCOMMENT ON COLUMN "offers"."currency" IS 'Currency of offer'[0m
  [1m[35m (0.1ms)[0m  [1m[35mCOMMENT ON COLUMN "offers"."country" IS 'Country of offer'[0m
  [1m[35mSQL (0.2ms)[0m  [1m[32mINSERT INTO "schema_migrations" ("version") VALUES ($1) RETURNING "version"[0m  [["version", "20171016200950"]]
  [1m[35m (0.4ms)[0m  [1m[35mCOMMIT[0m
Migrating to CreateHotels (20171016201019)
  [1m[35m (0.1ms)[0m  [1m[35mBEGIN[0m
  [1m[35m (2.8ms)[0m  [1m[35mCREATE TABLE "hotels" ("id" uuid DEFAULT gen_random_uuid() NOT NULL PRIMARY KEY, "offer_id" uuid, "beg" character varying, "end" character varying, "name" timestamp, "htc" character varying, "star" character varying, "room" character varying, "rmc" character varying, "place" character varying, "plc" character varying, "meal" character varying, "mlc" character varying, "town" character varying, "cnt" character varying, "created_at" timestamp NOT NULL, "updated_at" timestamp NOT NULL)[0m
  [1m[35m (1.8ms)[0m  [1m[35mCREATE  INDEX  "index_hotels_on_offer_id" ON "hotels"  ("offer_id")[0m
  [1m[35m (0.2ms)[0m  [1m[35mCOMMENT ON TABLE "hotels" IS 'Hotels table'[0m
  [1m[35m (0.2ms)[0m  [1m[35mCOMMENT ON COLUMN "hotels"."name" IS 'Name of hotel'[0m
  [1m[35m (0.2ms)[0m  [1m[35mCOMMENT ON COLUMN "hotels"."htc" IS 'Tour description'[0m
  [1m[35m (0.2ms)[0m  [1m[35mCOMMENT ON COLUMN "hotels"."star" IS 'Star rate of hotel'[0m
  [1m[35m (0.2ms)[0m  [1m[35mCOMMENT ON COLUMN "hotels"."room" IS 'Room of hotel'[0m
  [1m[35m (0.2ms)[0m  [1m[35mCOMMENT ON COLUMN "hotels"."town" IS 'Town of hotel'[0m
  [1m[35mSQL (0.3ms)[0m  [1m[32mINSERT INTO "schema_migrations" ("version") VALUES ($1) RETURNING "version"[0m  [["version", "20171016201019"]]
  [1m[35m (0.4ms)[0m  [1m[35mCOMMIT[0m
Migrating to CreateTransports (20171016201053)
  [1m[35m (0.3ms)[0m  [1m[35mBEGIN[0m
  [1m[35m (4.3ms)[0m  [1m[35mCREATE TABLE "transports" ("id" uuid DEFAULT gen_random_uuid() NOT NULL PRIMARY KEY, "offer_id" uuid, "beg" character varying, "end" character varying, "type" timestamp, "name" character varying, "trc" character varying, "class" character varying, "place" character varying, "townfr" character varying, "townto" character varying, "cnt" character varying, "created_at" timestamp NOT NULL, "updated_at" timestamp NOT NULL)[0m
  [1m[35m (0.6ms)[0m  [1m[35mCREATE  INDEX  "index_transports_on_offer_id" ON "transports"  ("offer_id")[0m
  [1m[35m (0.1ms)[0m  [1m[35mCOMMENT ON TABLE "transports" IS 'Transports table'[0m
  [1m[35m (0.1ms)[0m  [1m[35mCOMMENT ON COLUMN "transports"."name" IS 'Name transport company'[0m
  [1m[35m (0.1ms)[0m  [1m[35mCOMMENT ON COLUMN "transports"."class" IS 'Class of transport'[0m
  [1m[35m (0.1ms)[0m  [1m[35mCOMMENT ON COLUMN "transports"."place" IS 'Palce of transport'[0m
  [1m[35m (0.1ms)[0m  [1m[35mCOMMENT ON COLUMN "transports"."townfr" IS 'Go from town'[0m
  [1m[35m (0.1ms)[0m  [1m[35mCOMMENT ON COLUMN "transports"."townto" IS 'Go to town'[0m
  [1m[35mSQL (0.2ms)[0m  [1m[32mINSERT INTO "schema_migrations" ("version") VALUES ($1) RETURNING "version"[0m  [["version", "20171016201053"]]
  [1m[35m (0.3ms)[0m  [1m[35mCOMMIT[0m
Migrating to CreateServices (20171016201120)
  [1m[35m (0.1ms)[0m  [1m[35mBEGIN[0m
  [1m[35m (2.4ms)[0m  [1m[35mCREATE TABLE "services" ("id" uuid DEFAULT gen_random_uuid() NOT NULL PRIMARY KEY, "offer_id" uuid, "beg" character varying, "end" character varying, "type" timestamp, "name" character varying, "cnt" character varying, "created_at" timestamp NOT NULL, "updated_at" timestamp NOT NULL)[0m
  [1m[35m (0.6ms)[0m  [1m[35mCREATE  INDEX  "index_services_on_offer_id" ON "services"  ("offer_id")[0m
  [1m[35m (0.1ms)[0m  [1m[35mCOMMENT ON TABLE "services" IS 'Hotels table'[0m
  [1m[35m (0.1ms)[0m  [1m[35mCOMMENT ON COLUMN "services"."name" IS 'Name service'[0m
  [1m[35mSQL (0.2ms)[0m  [1m[32mINSERT INTO "schema_migrations" ("version") VALUES ($1) RETURNING "version"[0m  [["version", "20171016201120"]]
  [1m[35m (0.3ms)[0m  [1m[35mCOMMIT[0m
Migrating to CreatePrices (20171016201144)
  [1m[35m (0.5ms)[0m  [1m[35mBEGIN[0m
  [1m[35m (2.6ms)[0m  [1m[35mCREATE TABLE "services" ("id" uuid DEFAULT gen_random_uuid() NOT NULL PRIMARY KEY, "offer_id" uuid, "remote_id" integer, "date" character varying, "n" character varying, "val" timestamp, "created_at" timestamp NOT NULL, "updated_at" timestamp NOT NULL)[0m
  [1m[35m (0.2ms)[0m  [1m[31mROLLBACK[0m
  [1m[35m (0.3ms)[0m  [1m[34mSELECT pg_advisory_unlock(653245444115412750)[0m
  [1m[35m (0.5ms)[0m  [1m[34mSELECT "schema_migrations"."version" FROM "schema_migrations" ORDER BY "schema_migrations"."version" ASC[0m
  [1m[35m (0.3ms)[0m  [1m[34mSELECT "ar_internal_metadata"."value" FROM "ar_internal_metadata" WHERE "ar_internal_metadata"."key" = $1[0m  [["key", "environment"]]
  [1m[35m (0.2ms)[0m  [1m[34mSELECT "schema_migrations"."version" FROM "schema_migrations" ORDER BY "schema_migrations"."version" ASC[0m
  [1m[35m (0.2ms)[0m  [1m[34mSELECT "ar_internal_metadata"."value" FROM "ar_internal_metadata" WHERE "ar_internal_metadata"."key" = $1[0m  [["key", "environment"]]
  [1m[35m (0.2ms)[0m  [1m[34mSELECT "schema_migrations"."version" FROM "schema_migrations" ORDER BY "schema_migrations"."version" ASC[0m
  [1m[35m (0.2ms)[0m  [1m[34mSELECT "ar_internal_metadata"."value" FROM "ar_internal_metadata" WHERE "ar_internal_metadata"."key" = $1[0m  [["key", "environment"]]
  [1m[35m (117.7ms)[0m  [1m[35mDROP DATABASE IF EXISTS "xml_parcer_app_development"[0m
  [1m[35m (120.5ms)[0m  [1m[35mDROP DATABASE IF EXISTS "xml_parcer_app_test"[0m
  [1m[35m (11.1ms)[0m  [1m[35mCREATE TABLE "schema_migrations" ("version" character varying NOT NULL PRIMARY KEY)[0m
  [1m[35m (3.3ms)[0m  [1m[35mCREATE TABLE "ar_internal_metadata" ("key" character varying NOT NULL PRIMARY KEY, "value" character varying, "created_at" timestamp NOT NULL, "updated_at" timestamp NOT NULL)[0m
  [1m[35m (0.8ms)[0m  [1m[34mSELECT pg_try_advisory_lock(653245444115412750)[0m
  [1m[35m (1.0ms)[0m  [1m[34mSELECT "schema_migrations"."version" FROM "schema_migrations" ORDER BY "schema_migrations"."version" ASC[0m
Migrating to EnablePgcryptoExtension (20171016200611)
  [1m[35m (0.2ms)[0m  [1m[35mBEGIN[0m
  [1m[35mSQL (13.4ms)[0m  [1m[35mCREATE EXTENSION IF NOT EXISTS "uuid-ossp"[0m
  [1m[35mSQL (7.8ms)[0m  [1m[35mCREATE EXTENSION IF NOT EXISTS "pgcrypto"[0m
  [1m[35mSQL (0.5ms)[0m  [1m[32mINSERT INTO "schema_migrations" ("version") VALUES ($1) RETURNING "version"[0m  [["version", "20171016200611"]]
  [1m[35m (0.7ms)[0m  [1m[35mCOMMIT[0m
Migrating to CreateOffers (20171016200950)
  [1m[35m (0.1ms)[0m  [1m[35mBEGIN[0m
  [1m[35m (4.7ms)[0m  [1m[35mCREATE TABLE "offers" ("id" uuid DEFAULT gen_random_uuid() NOT NULL PRIMARY KEY, "operator" character varying, "spo" character varying, "date" timestamp, "tour" character varying, "adl" character varying, "chd" character varying, "inf" character varying, "currency" character varying, "country" character varying, "created_at" timestamp NOT NULL, "updated_at" timestamp NOT NULL)[0m
  [1m[35m (0.4ms)[0m  [1m[35mCOMMENT ON TABLE "offers" IS 'Offers table'[0m
  [1m[35m (0.3ms)[0m  [1m[35mCOMMENT ON COLUMN "offers"."operator" IS 'Tour operator name'[0m
  [1m[35m (0.3ms)[0m  [1m[35mCOMMENT ON COLUMN "offers"."spo" IS 'Code of special price offer'[0m
  [1m[35m (0.2ms)[0m  [1m[35mCOMMENT ON COLUMN "offers"."date" IS 'Date of offer'[0m
  [1m[35m (0.2ms)[0m  [1m[35mCOMMENT ON COLUMN "offers"."tour" IS 'Tour description'[0m
  [1m[35m (0.2ms)[0m  [1m[35mCOMMENT ON COLUMN "offers"."currency" IS 'Currency of offer'[0m
  [1m[35m (0.2ms)[0m  [1m[35mCOMMENT ON COLUMN "offers"."country" IS 'Country of offer'[0m
  [1m[35mSQL (0.3ms)[0m  [1m[32mINSERT INTO "schema_migrations" ("version") VALUES ($1) RETURNING "version"[0m  [["version", "20171016200950"]]
  [1m[35m (0.7ms)[0m  [1m[35mCOMMIT[0m
Migrating to CreateHotels (20171016201019)
  [1m[35m (0.3ms)[0m  [1m[35mBEGIN[0m
  [1m[35m (2.0ms)[0m  [1m[35mCREATE TABLE "hotels" ("id" uuid DEFAULT gen_random_uuid() NOT NULL PRIMARY KEY, "offer_id" uuid, "beg" character varying, "end" character varying, "name" timestamp, "htc" character varying, "star" character varying, "room" character varying, "rmc" character varying, "place" character varying, "plc" character varying, "meal" character varying, "mlc" character varying, "town" character varying, "cnt" character varying, "created_at" timestamp NOT NULL, "updated_at" timestamp NOT NULL)[0m
  [1m[35m (0.7ms)[0m  [1m[35mCREATE  INDEX  "index_hotels_on_offer_id" ON "hotels"  ("offer_id")[0m
  [1m[35m (0.1ms)[0m  [1m[35mCOMMENT ON TABLE "hotels" IS 'Hotels table'[0m
  [1m[35m (0.1ms)[0m  [1m[35mCOMMENT ON COLUMN "hotels"."name" IS 'Name of hotel'[0m
  [1m[35m (0.1ms)[0m  [1m[35mCOMMENT ON COLUMN "hotels"."htc" IS 'Tour description'[0m
  [1m[35m (0.1ms)[0m  [1m[35mCOMMENT ON COLUMN "hotels"."star" IS 'Star rate of hotel'[0m
  [1m[35m (0.1ms)[0m  [1m[35mCOMMENT ON COLUMN "hotels"."room" IS 'Room of hotel'[0m
  [1m[35m (0.1ms)[0m  [1m[35mCOMMENT ON COLUMN "hotels"."town" IS 'Town of hotel'[0m
  [1m[35mSQL (0.5ms)[0m  [1m[32mINSERT INTO "schema_migrations" ("version") VALUES ($1) RETURNING "version"[0m  [["version", "20171016201019"]]
  [1m[35m (0.3ms)[0m  [1m[35mCOMMIT[0m
Migrating to CreateTransports (20171016201053)
  [1m[35m (0.1ms)[0m  [1m[35mBEGIN[0m
  [1m[35m (2.1ms)[0m  [1m[35mCREATE TABLE "transports" ("id" uuid DEFAULT gen_random_uuid() NOT NULL PRIMARY KEY, "offer_id" uuid, "beg" character varying, "end" character varying, "type" timestamp, "name" character varying, "trc" character varying, "class" character varying, "place" character varying, "townfr" character varying, "townto" character varying, "cnt" character varying, "created_at" timestamp NOT NULL, "updated_at" timestamp NOT NULL)[0m
  [1m[35m (0.7ms)[0m  [1m[35mCREATE  INDEX  "index_transports_on_offer_id" ON "transports"  ("offer_id")[0m
  [1m[35m (0.1ms)[0m  [1m[35mCOMMENT ON TABLE "transports" IS 'Transports table'[0m
  [1m[35m (0.1ms)[0m  [1m[35mCOMMENT ON COLUMN "transports"."name" IS 'Name transport company'[0m
  [1m[35m (0.1ms)[0m  [1m[35mCOMMENT ON COLUMN "transports"."class" IS 'Class of transport'[0m
  [1m[35m (0.1ms)[0m  [1m[35mCOMMENT ON COLUMN "transports"."place" IS 'Palce of transport'[0m
  [1m[35m (0.1ms)[0m  [1m[35mCOMMENT ON COLUMN "transports"."townfr" IS 'Go from town'[0m
  [1m[35m (0.1ms)[0m  [1m[35mCOMMENT ON COLUMN "transports"."townto" IS 'Go to town'[0m
  [1m[35mSQL (0.2ms)[0m  [1m[32mINSERT INTO "schema_migrations" ("version") VALUES ($1) RETURNING "version"[0m  [["version", "20171016201053"]]
  [1m[35m (0.3ms)[0m  [1m[35mCOMMIT[0m
Migrating to CreateServices (20171016201120)
  [1m[35m (0.5ms)[0m  [1m[35mBEGIN[0m
  [1m[35m (3.5ms)[0m  [1m[35mCREATE TABLE "services" ("id" uuid DEFAULT gen_random_uuid() NOT NULL PRIMARY KEY, "offer_id" uuid, "beg" character varying, "end" character varying, "type" timestamp, "name" character varying, "cnt" character varying, "created_at" timestamp NOT NULL, "updated_at" timestamp NOT NULL)[0m
  [1m[35m (1.4ms)[0m  [1m[35mCREATE  INDEX  "index_services_on_offer_id" ON "services"  ("offer_id")[0m
  [1m[35m (0.2ms)[0m  [1m[35mCOMMENT ON TABLE "services" IS 'Hotels table'[0m
  [1m[35m (0.2ms)[0m  [1m[35mCOMMENT ON COLUMN "services"."name" IS 'Name service'[0m
  [1m[35mSQL (0.4ms)[0m  [1m[32mINSERT INTO "schema_migrations" ("version") VALUES ($1) RETURNING "version"[0m  [["version", "20171016201120"]]
  [1m[35m (0.4ms)[0m  [1m[35mCOMMIT[0m
Migrating to CreatePrices (20171016201144)
  [1m[35m (0.1ms)[0m  [1m[35mBEGIN[0m
  [1m[35m (1.5ms)[0m  [1m[35mCREATE TABLE "services" ("id" uuid DEFAULT gen_random_uuid() NOT NULL PRIMARY KEY, "offer_id" uuid, "remote_id" integer, "date" character varying, "n" character varying, "val" timestamp, "created_at" timestamp NOT NULL, "updated_at" timestamp NOT NULL)[0m
  [1m[35m (0.1ms)[0m  [1m[31mROLLBACK[0m
  [1m[35m (0.2ms)[0m  [1m[34mSELECT pg_advisory_unlock(653245444115412750)[0m
  [1m[35m (0.5ms)[0m  [1m[34mSELECT "schema_migrations"."version" FROM "schema_migrations" ORDER BY "schema_migrations"."version" ASC[0m
  [1m[35m (0.8ms)[0m  [1m[34mSELECT "ar_internal_metadata"."value" FROM "ar_internal_metadata" WHERE "ar_internal_metadata"."key" = $1[0m  [["key", "environment"]]
  [1m[36mActiveRecord::InternalMetadata Load (0.3ms)[0m  [1m[34mSELECT  "ar_internal_metadata".* FROM "ar_internal_metadata" WHERE "ar_internal_metadata"."key" = $1 LIMIT $2[0m  [["key", "environment"], ["LIMIT", 1]]
  [1m[35m (0.1ms)[0m  [1m[35mBEGIN[0m
  [1m[35mSQL (0.4ms)[0m  [1m[32mINSERT INTO "ar_internal_metadata" ("key", "value", "created_at", "updated_at") VALUES ($1, $2, $3, $4) RETURNING "key"[0m  [["key", "environment"], ["value", "development"], ["created_at", "2017-10-16 20:18:36.197386"], ["updated_at", "2017-10-16 20:18:36.197386"]]
  [1m[35m (0.4ms)[0m  [1m[35mCOMMIT[0m
  [1m[35m (0.5ms)[0m  [1m[34mSELECT "schema_migrations"."version" FROM "schema_migrations" ORDER BY "schema_migrations"."version" ASC[0m
  [1m[35m (0.3ms)[0m  [1m[34mSELECT "ar_internal_metadata"."value" FROM "ar_internal_metadata" WHERE "ar_internal_metadata"."key" = $1[0m  [["key", "environment"]]
  [1m[35m (0.2ms)[0m  [1m[34mSELECT "schema_migrations"."version" FROM "schema_migrations" ORDER BY "schema_migrations"."version" ASC[0m
  [1m[35m (0.1ms)[0m  [1m[34mSELECT "ar_internal_metadata"."value" FROM "ar_internal_metadata" WHERE "ar_internal_metadata"."key" = $1[0m  [["key", "environment"]]
  [1m[35m (0.2ms)[0m  [1m[34mSELECT "schema_migrations"."version" FROM "schema_migrations" ORDER BY "schema_migrations"."version" ASC[0m
  [1m[35m (0.1ms)[0m  [1m[34mSELECT "ar_internal_metadata"."value" FROM "ar_internal_metadata" WHERE "ar_internal_metadata"."key" = $1[0m  [["key", "environment"]]
  [1m[35m (117.2ms)[0m  [1m[35mDROP DATABASE IF EXISTS "xml_parcer_app_development"[0m
  [1m[35m (119.3ms)[0m  [1m[35mDROP DATABASE IF EXISTS "xml_parcer_app_test"[0m
  [1m[35m (17.0ms)[0m  [1m[35mCREATE TABLE "schema_migrations" ("version" character varying NOT NULL PRIMARY KEY)[0m
  [1m[35m (3.3ms)[0m  [1m[35mCREATE TABLE "ar_internal_metadata" ("key" character varying NOT NULL PRIMARY KEY, "value" character varying, "created_at" timestamp NOT NULL, "updated_at" timestamp NOT NULL)[0m
  [1m[35m (0.8ms)[0m  [1m[34mSELECT pg_try_advisory_lock(653245444115412750)[0m
  [1m[35m (0.8ms)[0m  [1m[34mSELECT "schema_migrations"."version" FROM "schema_migrations" ORDER BY "schema_migrations"."version" ASC[0m
Migrating to EnablePgcryptoExtension (20171016200611)
  [1m[35m (0.1ms)[0m  [1m[35mBEGIN[0m
  [1m[35mSQL (14.0ms)[0m  [1m[35mCREATE EXTENSION IF NOT EXISTS "uuid-ossp"[0m
  [1m[35mSQL (7.1ms)[0m  [1m[35mCREATE EXTENSION IF NOT EXISTS "pgcrypto"[0m
  [1m[35mSQL (0.4ms)[0m  [1m[32mINSERT INTO "schema_migrations" ("version") VALUES ($1) RETURNING "version"[0m  [["version", "20171016200611"]]
  [1m[35m (0.6ms)[0m  [1m[35mCOMMIT[0m
Migrating to CreateOffers (20171016200950)
  [1m[35m (0.1ms)[0m  [1m[35mBEGIN[0m
  [1m[35m (4.3ms)[0m  [1m[35mCREATE TABLE "offers" ("id" uuid DEFAULT gen_random_uuid() NOT NULL PRIMARY KEY, "operator" character varying, "spo" character varying, "date" timestamp, "tour" character varying, "adl" character varying, "chd" character varying, "inf" character varying, "currency" character varying, "country" character varying, "created_at" timestamp NOT NULL, "updated_at" timestamp NOT NULL)[0m
  [1m[35m (0.2ms)[0m  [1m[35mCOMMENT ON TABLE "offers" IS 'Offers table'[0m
  [1m[35m (0.2ms)[0m  [1m[35mCOMMENT ON COLUMN "offers"."operator" IS 'Tour operator name'[0m
  [1m[35m (0.1ms)[0m  [1m[35mCOMMENT ON COLUMN "offers"."spo" IS 'Code of special price offer'[0m
  [1m[35m (0.1ms)[0m  [1m[35mCOMMENT ON COLUMN "offers"."date" IS 'Date of offer'[0m
  [1m[35m (0.1ms)[0m  [1m[35mCOMMENT ON COLUMN "offers"."tour" IS 'Tour description'[0m
  [1m[35m (0.1ms)[0m  [1m[35mCOMMENT ON COLUMN "offers"."currency" IS 'Currency of offer'[0m
  [1m[35m (0.1ms)[0m  [1m[35mCOMMENT ON COLUMN "offers"."country" IS 'Country of offer'[0m
  [1m[35mSQL (0.3ms)[0m  [1m[32mINSERT INTO "schema_migrations" ("version") VALUES ($1) RETURNING "version"[0m  [["version", "20171016200950"]]
  [1m[35m (0.4ms)[0m  [1m[35mCOMMIT[0m
Migrating to CreateHotels (20171016201019)
  [1m[35m (0.1ms)[0m  [1m[35mBEGIN[0m
  [1m[35m (2.4ms)[0m  [1m[35mCREATE TABLE "hotels" ("id" uuid DEFAULT gen_random_uuid() NOT NULL PRIMARY KEY, "offer_id" uuid, "beg" character varying, "end" character varying, "name" timestamp, "htc" character varying, "star" character varying, "room" character varying, "rmc" character varying, "place" character varying, "plc" character varying, "meal" character varying, "mlc" character varying, "town" character varying, "cnt" character varying, "created_at" timestamp NOT NULL, "updated_at" timestamp NOT NULL)[0m
  [1m[35m (0.9ms)[0m  [1m[35mCREATE  INDEX  "index_hotels_on_offer_id" ON "hotels"  ("offer_id")[0m
  [1m[35m (0.4ms)[0m  [1m[35mCOMMENT ON TABLE "hotels" IS 'Hotels table'[0m
  [1m[35m (0.3ms)[0m  [1m[35mCOMMENT ON COLUMN "hotels"."name" IS 'Name of hotel'[0m
  [1m[35m (0.3ms)[0m  [1m[35mCOMMENT ON COLUMN "hotels"."htc" IS 'Tour description'[0m
  [1m[35m (0.2ms)[0m  [1m[35mCOMMENT ON COLUMN "hotels"."star" IS 'Star rate of hotel'[0m
  [1m[35m (0.2ms)[0m  [1m[35mCOMMENT ON COLUMN "hotels"."room" IS 'Room of hotel'[0m
  [1m[35m (0.1ms)[0m  [1m[35mCOMMENT ON COLUMN "hotels"."town" IS 'Town of hotel'[0m
  [1m[35mSQL (0.4ms)[0m  [1m[32mINSERT INTO "schema_migrations" ("version") VALUES ($1) RETURNING "version"[0m  [["version", "20171016201019"]]
  [1m[35m (0.5ms)[0m  [1m[35mCOMMIT[0m
Migrating to CreateTransports (20171016201053)
  [1m[35m (0.1ms)[0m  [1m[35mBEGIN[0m
  [1m[35m (1.9ms)[0m  [1m[35mCREATE TABLE "transports" ("id" uuid DEFAULT gen_random_uuid() NOT NULL PRIMARY KEY, "offer_id" uuid, "beg" character varying, "end" character varying, "type" timestamp, "name" character varying, "trc" character varying, "class" character varying, "place" character varying, "townfr" character varying, "townto" character varying, "cnt" character varying, "created_at" timestamp NOT NULL, "updated_at" timestamp NOT NULL)[0m
  [1m[35m (1.5ms)[0m  [1m[35mCREATE  INDEX  "index_transports_on_offer_id" ON "transports"  ("offer_id")[0m
  [1m[35m (0.1ms)[0m  [1m[35mCOMMENT ON TABLE "transports" IS 'Transports table'[0m
  [1m[35m (0.1ms)[0m  [1m[35mCOMMENT ON COLUMN "transports"."name" IS 'Name transport company'[0m
  [1m[35m (0.1ms)[0m  [1m[35mCOMMENT ON COLUMN "transports"."class" IS 'Class of transport'[0m
  [1m[35m (0.1ms)[0m  [1m[35mCOMMENT ON COLUMN "transports"."place" IS 'Palce of transport'[0m
  [1m[35m (0.1ms)[0m  [1m[35mCOMMENT ON COLUMN "transports"."townfr" IS 'Go from town'[0m
  [1m[35m (0.1ms)[0m  [1m[35mCOMMENT ON COLUMN "transports"."townto" IS 'Go to town'[0m
  [1m[35mSQL (0.2ms)[0m  [1m[32mINSERT INTO "schema_migrations" ("version") VALUES ($1) RETURNING "version"[0m  [["version", "20171016201053"]]
  [1m[35m (0.4ms)[0m  [1m[35mCOMMIT[0m
Migrating to CreateServices (20171016201120)
  [1m[35m (0.1ms)[0m  [1m[35mBEGIN[0m
  [1m[35m (2.2ms)[0m  [1m[35mCREATE TABLE "services" ("id" uuid DEFAULT gen_random_uuid() NOT NULL PRIMARY KEY, "offer_id" uuid, "beg" character varying, "end" character varying, "type" timestamp, "name" character varying, "cnt" character varying, "created_at" timestamp NOT NULL, "updated_at" timestamp NOT NULL)[0m
  [1m[35m (0.7ms)[0m  [1m[35mCREATE  INDEX  "index_services_on_offer_id" ON "services"  ("offer_id")[0m
  [1m[35m (0.1ms)[0m  [1m[35mCOMMENT ON TABLE "services" IS 'Services table'[0m
  [1m[35m (0.1ms)[0m  [1m[35mCOMMENT ON COLUMN "services"."name" IS 'Name service'[0m
  [1m[35mSQL (0.2ms)[0m  [1m[32mINSERT INTO "schema_migrations" ("version") VALUES ($1) RETURNING "version"[0m  [["version", "20171016201120"]]
  [1m[35m (0.3ms)[0m  [1m[35mCOMMIT[0m
Migrating to CreatePrices (20171016201144)
  [1m[35m (0.1ms)[0m  [1m[35mBEGIN[0m
  [1m[35m (0.7ms)[0m  [1m[35mCREATE TABLE "services" ("id" uuid DEFAULT gen_random_uuid() NOT NULL PRIMARY KEY, "offer_id" uuid, "remote_id" integer, "date" character varying, "n" character varying, "val" timestamp, "created_at" timestamp NOT NULL, "updated_at" timestamp NOT NULL)[0m
  [1m[35m (0.1ms)[0m  [1m[31mROLLBACK[0m
  [1m[35m (0.2ms)[0m  [1m[34mSELECT pg_advisory_unlock(653245444115412750)[0m
  [1m[35m (0.2ms)[0m  [1m[34mSELECT pg_try_advisory_lock(653245444115412750)[0m
  [1m[35m (0.5ms)[0m  [1m[34mSELECT "schema_migrations"."version" FROM "schema_migrations" ORDER BY "schema_migrations"."version" ASC[0m
Migrating to CreatePrices (20171016201144)
  [1m[35m (0.2ms)[0m  [1m[35mBEGIN[0m
  [1m[35m (3.9ms)[0m  [1m[35mCREATE TABLE "prices" ("id" uuid DEFAULT gen_random_uuid() NOT NULL PRIMARY KEY, "offer_id" uuid, "remote_id" integer, "date" character varying, "n" character varying, "val" timestamp, "created_at" timestamp NOT NULL, "updated_at" timestamp NOT NULL)[0m
  [1m[35m (0.8ms)[0m  [1m[35mCREATE  INDEX  "index_prices_on_offer_id" ON "prices"  ("offer_id")[0m
  [1m[35m (0.4ms)[0m  [1m[35mCOMMENT ON TABLE "prices" IS 'Prices table'[0m
  [1m[35mSQL (0.3ms)[0m  [1m[32mINSERT INTO "schema_migrations" ("version") VALUES ($1) RETURNING "version"[0m  [["version", "20171016201144"]]
  [1m[35m (0.8ms)[0m  [1m[35mCOMMIT[0m
  [1m[36mActiveRecord::InternalMetadata Load (0.6ms)[0m  [1m[34mSELECT  "ar_internal_metadata".* FROM "ar_internal_metadata" WHERE "ar_internal_metadata"."key" = $1 LIMIT $2[0m  [["key", "environment"], ["LIMIT", 1]]
  [1m[35m (0.2ms)[0m  [1m[35mBEGIN[0m
  [1m[35mSQL (0.8ms)[0m  [1m[32mINSERT INTO "ar_internal_metadata" ("key", "value", "created_at", "updated_at") VALUES ($1, $2, $3, $4) RETURNING "key"[0m  [["key", "environment"], ["value", "development"], ["created_at", "2017-10-16 20:19:34.017471"], ["updated_at", "2017-10-16 20:19:34.017471"]]
  [1m[35m (0.4ms)[0m  [1m[35mCOMMIT[0m
  [1m[35m (0.4ms)[0m  [1m[34mSELECT pg_advisory_unlock(653245444115412750)[0m
  [1m[35m (0.2ms)[0m  [1m[34mSELECT "schema_migrations"."version" FROM "schema_migrations" ORDER BY "schema_migrations"."version" ASC[0m
